<?xml version="1.0" encoding="UTF-8"?>
<!-- Generated by org.testng.reporters.JUnitXMLReporter -->
<testsuite ignored="0" hostname="DESKTOP-MAH6PC0" failures="0" tests="3" name="Chrome Test" time="51.79" errors="0" timestamp="2026-01-04T17:03:25 IST">
  <testcase classname="orangehrm.pagestest.LoginPageTest" name="loginTest" time="6.602"/>
  <testcase classname="orangehrm.pagestest.LoginPageTest" name="loginTest" time="6.462"/>
  <testcase classname="orangehrm.pagestest.LoginPageTest" name="loginTest" time="8.109"/>
</testsuite> <!-- Chrome Test -->
