<?xml version="1.0" encoding="UTF-8"?>
<!-- Generated by org.testng.reporters.JUnitReportReporter -->
<testsuite hostname="DESKTOP-MAH6PC0" failures="0" tests="3" name="orangehrm.pagestest.LoginPageTest" time="51.628" errors="0" timestamp="2026-01-04T17:03:25 IST" skipped="0">
  <testcase classname="orangehrm.pagestest.LoginPageTest" name="loginTest" time="18.504">
    <system-out>
      <![CDATA[login test started
LoginPage contructor start to initialise Driver
Login started]]>
    </system-out>
  </testcase> <!-- loginTest -->
  <testcase classname="orangehrm.pagestest.LoginPageTest" name="loginTest" time="17.414">
    <system-out>
      <![CDATA[login test started
LoginPage contructor start to initialise Driver
Login started]]>
    </system-out>
  </testcase> <!-- loginTest -->
  <testcase classname="orangehrm.pagestest.LoginPageTest" name="loginTest" time="15.710">
    <system-out>
      <![CDATA[login test started
LoginPage contructor start to initialise Driver
Login started]]>
    </system-out>
  </testcase> <!-- loginTest -->
  <system-out>
    <![CDATA[Data Provider value inserted
Browser is opening
login test started
chrome
login test started
LoginPage contructor start to initialise Driver
Login started
Browser is closing
Browser is opening
login test started
chrome
login test started
LoginPage contructor start to initialise Driver
Login started
Browser is closing
Browser is opening
login test started
chrome
login test started
LoginPage contructor start to initialise Driver
Login started
Browser is closing]]>
  </system-out>
</testsuite> <!-- orangehrm.pagestest.LoginPageTest -->
